<?xml version="1.0" encoding="UTF-8"?>
<!-- Generated by org.testng.reporters.JUnitXMLReporter -->
<testsuite hostname="vicky-PC" ignored="0" name="FreeCRMTest" tests="3" failures="0" timestamp="2020-04-06T13:50:19 IST" time="84.557" errors="0">
  <testcase name="validateTheTittleTest" time="0.148" classname="com.crm.qa.testcases.LoginPageTest"/>
  <testcase name="validateTheURLTest" time="0.013" classname="com.crm.qa.testcases.LoginPageTest"/>
  <testcase name="loginTest" time="1.258" classname="com.crm.qa.testcases.LoginPageTest"/>
</testsuite> <!-- FreeCRMTest -->
