<?xml version="1.0" encoding="UTF-8"?>
<testng-results skipped="0" failed="0" ignored="0" total="3" passed="3">
  <reporter-output>
  </reporter-output>
  <suite name="FreeCRM" duration-ms="84557" started-at="2020-04-06T13:48:55 IST" finished-at="2020-04-06T13:50:19 IST">
    <groups>
    </groups>
    <test name="FreeCRMTest" duration-ms="84557" started-at="2020-04-06T13:48:55 IST" finished-at="2020-04-06T13:50:19 IST">
      <class name="com.crm.qa.testcases.LoginPageTest">
        <test-method status="PASS" signature="setUp()[pri:0, instance:com.crm.qa.testcases.LoginPageTest@15835b1]" name="setUp" is-config="true" duration-ms="41528" started-at="2020-04-06T13:48:55 IST" finished-at="2020-04-06T13:49:36 IST">
          <reporter-output>
          </reporter-output>
        </test-method> <!-- setUp -->
        <test-method status="PASS" signature="validateTheTittleTest()[pri:1, instance:com.crm.qa.testcases.LoginPageTest@15835b1]" name="validateTheTittleTest" duration-ms="148" started-at="2020-04-06T13:49:37 IST" finished-at="2020-04-06T13:49:37 IST">
          <reporter-output>
          </reporter-output>
        </test-method> <!-- validateTheTittleTest -->
        <test-method status="PASS" signature="tearDown()[pri:0, instance:com.crm.qa.testcases.LoginPageTest@15835b1]" name="tearDown" is-config="true" duration-ms="637" started-at="2020-04-06T13:49:37 IST" finished-at="2020-04-06T13:49:37 IST">
          <reporter-output>
          </reporter-output>
        </test-method> <!-- tearDown -->
        <test-method status="PASS" signature="setUp()[pri:0, instance:com.crm.qa.testcases.LoginPageTest@15835b1]" name="setUp" is-config="true" duration-ms="18409" started-at="2020-04-06T13:49:37 IST" finished-at="2020-04-06T13:49:56 IST">
          <reporter-output>
          </reporter-output>
        </test-method> <!-- setUp -->
        <test-method status="PASS" signature="validateTheURLTest()[pri:2, instance:com.crm.qa.testcases.LoginPageTest@15835b1]" name="validateTheURLTest" duration-ms="13" started-at="2020-04-06T13:49:56 IST" finished-at="2020-04-06T13:49:56 IST">
          <reporter-output>
          </reporter-output>
        </test-method> <!-- validateTheURLTest -->
        <test-method status="PASS" signature="tearDown()[pri:0, instance:com.crm.qa.testcases.LoginPageTest@15835b1]" name="tearDown" is-config="true" duration-ms="609" started-at="2020-04-06T13:49:56 IST" finished-at="2020-04-06T13:49:56 IST">
          <reporter-output>
          </reporter-output>
        </test-method> <!-- tearDown -->
        <test-method status="PASS" signature="setUp()[pri:0, instance:com.crm.qa.testcases.LoginPageTest@15835b1]" name="setUp" is-config="true" duration-ms="20304" started-at="2020-04-06T13:49:56 IST" finished-at="2020-04-06T13:50:17 IST">
          <reporter-output>
          </reporter-output>
        </test-method> <!-- setUp -->
        <test-method status="PASS" signature="loginTest()[pri:3, instance:com.crm.qa.testcases.LoginPageTest@15835b1]" name="loginTest" duration-ms="1258" started-at="2020-04-06T13:50:17 IST" finished-at="2020-04-06T13:50:18 IST">
          <reporter-output>
          </reporter-output>
        </test-method> <!-- loginTest -->
        <test-method status="PASS" signature="tearDown()[pri:0, instance:com.crm.qa.testcases.LoginPageTest@15835b1]" name="tearDown" is-config="true" duration-ms="1143" started-at="2020-04-06T13:50:18 IST" finished-at="2020-04-06T13:50:19 IST">
          <reporter-output>
          </reporter-output>
        </test-method> <!-- tearDown -->
      </class> <!-- com.crm.qa.testcases.LoginPageTest -->
    </test> <!-- FreeCRMTest -->
  </suite> <!-- FreeCRM -->
</testng-results>
